<?xml version="1.0" encoding="UTF-8"?>
<!-- Generated by org.testng.reporters.JUnitReportReporter -->
<testsuite hostname="LAPTOP-T4D79118" failures="0" tests="3" name="loanApplication.PersonalLoan" time="0.003" errors="0" timestamp="2022-03-21T15:55:12 IST" skipped="0">
  <testcase classname="loanApplication.PersonalLoan" name="PersonalLoanMobileLogin" time="0.001"/>
  <system-out/>
  <testcase classname="loanApplication.PersonalLoan" name="PersonalLoanWebLogin" time="0.000"/>
  <system-out/>
  <testcase classname="loanApplication.PersonalLoan" name="PersonalLoanAPILogin" time="0.002"/>
  <system-out/>
</testsuite> <!-- loanApplication.PersonalLoan -->
