<?xml version="1.0" encoding="UTF-8"?>
<!-- Generated by org.testng.reporters.JUnitReportReporter -->
<testsuite hostname="LAPTOP-T4D79118" failures="0" tests="3" name="loanApplication.HomeLoan" time="0.003" errors="0" timestamp="2022-03-21T15:55:12 IST" skipped="0">
  <testcase classname="loanApplication.HomeLoan" name="HomeLoanMobileLogin" time="0.001"/>
  <system-out/>
  <testcase classname="loanApplication.HomeLoan" name="HomeLoanWebLogin" time="0.001"/>
  <system-out/>
  <testcase classname="loanApplication.HomeLoan" name="HomeLoanAPILogin" time="0.001"/>
  <system-out/>
</testsuite> <!-- loanApplication.HomeLoan -->
