<?xml version="1.0" encoding="UTF-8"?>
<!-- Generated by org.testng.reporters.JUnitReportReporter -->
<testsuite hostname="LAPTOP-T4D79118" failures="0" tests="3" name="loanApplication.CarLoan" time="0.003" errors="0" timestamp="2022-03-21T15:55:12 IST" skipped="0">
  <testcase classname="loanApplication.CarLoan" name="CarLoanMobileLogin" time="0.001"/>
  <system-out/>
  <testcase classname="loanApplication.CarLoan" name="CarLoanAPILogin" time="0.001"/>
  <system-out/>
  <testcase classname="loanApplication.CarLoan" name="CarLoanWebLogin" time="0.001"/>
  <system-out/>
</testsuite> <!-- loanApplication.CarLoan -->
