<?xml version="1.0" encoding="UTF-8"?>
<!-- Generated by org.testng.reporters.JUnitReportReporter -->
<testsuite hostname="LAPTOP-T4D79118" failures="0" tests="6" name="loanApplication.Groups" time="0.013" errors="0" timestamp="2022-03-21T15:55:12 IST" skipped="1">
  <testcase classname="loanApplication.Groups" name="CarLoanDetails" time="0.002"/>
  <system-out/>
  <testcase classname="loanApplication.Groups" name="CarLoanLogOut" time="0.002"/>
  <system-out/>
  <testcase classname="loanApplication.Groups" name="CarLoanVerifySignIn" time="0.001"/>
  <system-out/>
  <testcase classname="loanApplication.Groups" name="CarLoanWebLogin" time="0.001"/>
  <system-out/>
  <testcase classname="loanApplication.Groups" name="CarLoanMobileLogin" time="0.007"/>
  <system-out/>
  <testcase classname="loanApplication.Groups" name="CarLoanAPILogin">
    <skipped/>
  </testcase> <!-- CarLoanAPILogin -->
  <system-out/>
</testsuite> <!-- loanApplication.Groups -->
