<?xml version="1.0" encoding="UTF-8"?>
<!-- Generated by org.testng.reporters.JUnitReportReporter -->
<testsuite hostname="LAPTOP-T4D79118" failures="0" tests="5" name="loanApplication.Login_DataProvider" time="0.015" errors="0" timestamp="2022-03-21T16:45:39 IST" skipped="0">
  <testcase classname="loanApplication.Login_DataProvider" name="CarLoanAPILogin" time="0.001"/>
  <system-out/>
  <testcase classname="loanApplication.Login_DataProvider" name="CarLoanAPILogin" time="0.010"/>
  <system-out/>
  <testcase classname="loanApplication.Login_DataProvider" name="CarLoanWebLogin" time="0.001"/>
  <system-out/>
  <testcase classname="loanApplication.Login_DataProvider" name="CarLoanAPILogin" time="0.001"/>
  <system-out/>
  <testcase classname="loanApplication.Login_DataProvider" name="CarLoanMobileLogin" time="0.002"/>
  <system-out/>
</testsuite> <!-- loanApplication.Login_DataProvider -->
