<?xml version="1.0" encoding="UTF-8"?>
<!-- Generated by org.testng.reporters.JUnitReportReporter -->
<testsuite hostname="LAPTOP-T4D79118" failures="0" tests="4" name="loanApplication.AnnotationsTestNG" time="0.008" errors="0" timestamp="2022-03-21T15:55:12 IST" skipped="0">
  <testcase classname="loanApplication.AnnotationsTestNG" name="CarLoanMobileLogin" time="0.003"/>
  <system-out/>
  <testcase classname="loanApplication.AnnotationsTestNG" name="CarLoanAPILogin" time="0.002"/>
  <system-out/>
  <testcase classname="loanApplication.AnnotationsTestNG" name="CarLoanWebSignOut" time="0.003"/>
  <system-out/>
  <testcase classname="loanApplication.AnnotationsTestNG" name="CarLoanWebLogin" time="0.000"/>
  <system-out/>
</testsuite> <!-- loanApplication.AnnotationsTestNG -->
